2017-07-27 14:56:11,132 [1] DEBUG NetworkManager [(null)] - Starting Server
2017-07-27 14:56:11,146 [1] DEBUG NetworkManager [(null)] - startServer called
2017-07-27 14:56:11,170 [1] DEBUG NetworkManager [(null)] - Server initialized
2017-07-27 14:56:11,172 [1] DEBUG NetworkManager [(null)] - Expected player count : 2
2017-07-27 14:56:14,800 [1] DEBUG NetworkManager [(null)] - Master Server Event: RegistrationSucceeded
2017-07-27 14:56:28,933 [1] DEBUG NetworkManager [(null)] - OnPlayerConnected, playerID:1
2017-07-27 14:56:28,935 [1] DEBUG NetworkManager [(null)] - Player Count : 2
2017-07-27 14:56:28,936 [1] DEBUG NetworkManager [(null)] - Calling RegisterPlayerAll...
2017-07-27 14:56:28,937 [1] DEBUG NetworkManager [(null)] - Calling RegisterPlayerAll...
2017-07-27 14:56:28,938 [1] DEBUG LockStepManager [(null)] - GameStart called. My PlayerID: 0
2017-07-27 14:56:28,966 [1] DEBUG LockStepManager [(null)] - Server Message: Player 1 is confirming Player 0 is ready to start the game.
2017-07-27 14:56:28,968 [1] DEBUG LockStepManager [(null)] - Player 1 is ready to start the game.
2017-07-27 14:56:28,969 [1] DEBUG LockStepManager [(null)] - Server Message: Player 0 is confirming Player 1 is ready to start the game.
2017-07-27 14:56:28,970 [1] DEBUG LockStepManager [(null)] - All players are ready to start. Starting Game.
2017-07-27 14:56:29,033 [1] DEBUG LockStepManager [(null)] - LockStepTurnID: 0
2017-07-27 14:56:29,069 [1] DEBUG LockStepManager [(null)] - Sent NoAction action for turn 1
2017-07-27 14:56:29,230 [1] DEBUG LockStepManager [(null)] - LockStepTurnID: 1
2017-07-27 14:56:29,233 [1] DEBUG LockStepManager [(null)] - Sent NoAction action for turn 2
2017-07-27 14:56:29,429 [1] DEBUG LockStepManager [(null)] - LockStepTurnID: 2
2017-07-27 14:56:29,430 [1] DEBUG LockStepManager [(null)] - Sent NoAction action for turn 3
2017-07-27 14:56:29,433 [1] DEBUG NetworkManager [(null)] - Master Server Event: RegistrationSucceeded
2017-07-27 14:56:29,627 [1] DEBUG LockStepManager [(null)] - LockStepTurnID: 3
2017-07-27 14:56:29,628 [1] DEBUG LockStepManager [(null)] - Sent NoAction action for turn 4
2017-07-27 14:56:29,826 [1] DEBUG LockStepManager [(null)] - LockStepTurnID: 4
2017-07-27 14:56:29,827 [1] DEBUG LockStepManager [(null)] - Sent NoAction action for turn 5
2017-07-27 14:56:30,026 [1] DEBUG LockStepManager [(null)] - LockStepTurnID: 5
2017-07-27 14:56:30,027 [1] DEBUG LockStepManager [(null)] - Sent NoAction action for turn 6
2017-07-27 14:56:30,225 [1] DEBUG LockStepManager [(null)] - LockStepTurnID: 6
2017-07-27 14:56:30,226 [1] DEBUG LockStepManager [(null)] - Sent NoAction action for turn 7
2017-07-27 14:56:30,424 [1] DEBUG LockStepManager [(null)] - LockStepTurnID: 7
2017-07-27 14:56:30,426 [1] DEBUG LockStepManager [(null)] - Sent NoAction action for turn 8
2017-07-27 14:56:30,623 [1] DEBUG LockStepManager [(null)] - LockStepTurnID: 8
2017-07-27 14:56:30,624 [1] DEBUG LockStepManager [(null)] - Sent NoAction action for turn 9
2017-07-27 14:56:30,822 [1] DEBUG LockStepManager [(null)] - LockStepTurnID: 9
2017-07-27 14:56:30,823 [1] DEBUG LockStepManager [(null)] - Sent NoAction action for turn 10
2017-07-27 14:56:31,021 [1] DEBUG LockStepManager [(null)] - LockStepTurnID: 10
2017-07-27 14:56:31,022 [1] DEBUG LockStepManager [(null)] - Sent NoAction action for turn 11
2017-07-27 14:56:31,220 [1] DEBUG LockStepManager [(null)] - LockStepTurnID: 11
2017-07-27 14:56:31,221 [1] DEBUG LockStepManager [(null)] - Sent NoAction action for turn 12
2017-07-27 14:56:31,418 [1] DEBUG LockStepManager [(null)] - LockStepTurnID: 12
2017-07-27 14:56:31,419 [1] DEBUG LockStepManager [(null)] - Sent NoAction action for turn 13
2017-07-27 14:56:31,617 [1] DEBUG LockStepManager [(null)] - LockStepTurnID: 13
2017-07-27 14:56:31,618 [1] DEBUG LockStepManager [(null)] - Sent NoAction action for turn 14
2017-07-27 14:56:31,816 [1] DEBUG LockStepManager [(null)] - LockStepTurnID: 14
2017-07-27 14:56:31,817 [1] DEBUG LockStepManager [(null)] - Sent NoAction action for turn 15
2017-07-27 14:56:32,031 [1] DEBUG LockStepManager [(null)] - LockStepTurnID: 15
2017-07-27 14:56:32,032 [1] DEBUG LockStepManager [(null)] - Sent NoAction action for turn 16
2017-07-27 14:56:32,231 [1] DEBUG LockStepManager [(null)] - LockStepTurnID: 16
2017-07-27 14:56:32,232 [1] DEBUG LockStepManager [(null)] - Sent NoAction action for turn 17
2017-07-27 14:56:32,429 [1] DEBUG LockStepManager [(null)] - LockStepTurnID: 17
2017-07-27 14:56:32,431 [1] DEBUG LockStepManager [(null)] - Sent NoAction action for turn 18
2017-07-27 14:56:32,627 [1] DEBUG LockStepManager [(null)] - LockStepTurnID: 18
2017-07-27 14:56:32,629 [1] DEBUG LockStepManager [(null)] - Sent NoAction action for turn 19
2017-07-27 14:56:32,826 [1] DEBUG LockStepManager [(null)] - LockStepTurnID: 19
2017-07-27 14:56:32,827 [1] DEBUG LockStepManager [(null)] - Sent NoAction action for turn 20
2017-07-27 14:56:33,025 [1] DEBUG LockStepManager [(null)] - LockStepTurnID: 20
2017-07-27 14:56:33,026 [1] DEBUG LockStepManager [(null)] - Sent NoAction action for turn 21
2017-07-27 14:56:33,224 [1] DEBUG LockStepManager [(null)] - LockStepTurnID: 21
2017-07-27 14:56:33,225 [1] DEBUG LockStepManager [(null)] - Sent NoAction action for turn 22
2017-07-27 14:56:33,423 [1] DEBUG LockStepManager [(null)] - LockStepTurnID: 22
2017-07-27 14:56:33,424 [1] DEBUG LockStepManager [(null)] - Sent NoAction action for turn 23
2017-07-27 14:56:33,622 [1] DEBUG LockStepManager [(null)] - LockStepTurnID: 23
2017-07-27 14:56:33,623 [1] DEBUG LockStepManager [(null)] - Sent NoAction action for turn 24
2017-07-27 14:56:33,820 [1] DEBUG LockStepManager [(null)] - LockStepTurnID: 24
2017-07-27 14:56:33,822 [1] DEBUG LockStepManager [(null)] - Sent NoAction action for turn 25
2017-07-27 14:56:34,019 [1] DEBUG LockStepManager [(null)] - LockStepTurnID: 25
2017-07-27 14:56:34,020 [1] DEBUG LockStepManager [(null)] - Sent NoAction action for turn 26
2017-07-27 14:56:34,218 [1] DEBUG LockStepManager [(null)] - LockStepTurnID: 26
2017-07-27 14:56:34,220 [1] DEBUG LockStepManager [(null)] - Sent NoAction action for turn 27
2017-07-27 14:56:34,417 [1] DEBUG LockStepManager [(null)] - LockStepTurnID: 27
2017-07-27 14:56:34,418 [1] DEBUG LockStepManager [(null)] - Sent NoAction action for turn 28
2017-07-27 14:56:34,616 [1] DEBUG LockStepManager [(null)] - LockStepTurnID: 28
2017-07-27 14:56:34,617 [1] DEBUG LockStepManager [(null)] - Sent NoAction action for turn 29
2017-07-27 14:56:34,831 [1] DEBUG LockStepManager [(null)] - LockStepTurnID: 29
2017-07-27 14:56:34,832 [1] DEBUG LockStepManager [(null)] - Sent NoAction action for turn 30
2017-07-27 14:56:35,032 [1] DEBUG LockStepManager [(null)] - LockStepTurnID: 30
2017-07-27 14:56:35,033 [1] DEBUG LockStepManager [(null)] - Sent NoAction action for turn 31
2017-07-27 14:56:35,230 [1] DEBUG LockStepManager [(null)] - LockStepTurnID: 31
2017-07-27 14:56:35,231 [1] DEBUG LockStepManager [(null)] - Sent NoAction action for turn 32
2017-07-27 14:56:35,429 [1] DEBUG LockStepManager [(null)] - LockStepTurnID: 32
2017-07-27 14:56:35,430 [1] DEBUG LockStepManager [(null)] - Sent NoAction action for turn 33
2017-07-27 14:56:35,629 [1] DEBUG LockStepManager [(null)] - LockStepTurnID: 33
2017-07-27 14:56:35,631 [1] DEBUG LockStepManager [(null)] - Sent NoAction action for turn 34
2017-07-27 14:56:35,827 [1] DEBUG LockStepManager [(null)] - LockStepTurnID: 34
2017-07-27 14:56:35,829 [1] DEBUG LockStepManager [(null)] - Sent NoAction action for turn 35
2017-07-27 14:56:36,025 [1] DEBUG LockStepManager [(null)] - LockStepTurnID: 35
2017-07-27 14:56:36,026 [1] DEBUG LockStepManager [(null)] - Sent NoAction action for turn 36
2017-07-27 14:56:36,225 [1] DEBUG LockStepManager [(null)] - LockStepTurnID: 36
2017-07-27 14:56:36,226 [1] DEBUG LockStepManager [(null)] - Sent NoAction action for turn 37
2017-07-27 14:56:36,423 [1] DEBUG LockStepManager [(null)] - LockStepTurnID: 37
2017-07-27 14:56:36,424 [1] DEBUG LockStepManager [(null)] - Sent NoAction action for turn 38
2017-07-27 14:56:36,622 [1] DEBUG LockStepManager [(null)] - LockStepTurnID: 38
2017-07-27 14:56:36,623 [1] DEBUG LockStepManager [(null)] - Sent NoAction action for turn 39
2017-07-27 14:56:36,821 [1] DEBUG LockStepManager [(null)] - LockStepTurnID: 39
2017-07-27 14:56:36,822 [1] DEBUG LockStepManager [(null)] - Sent NoAction action for turn 40
2017-07-27 14:56:37,019 [1] DEBUG LockStepManager [(null)] - LockStepTurnID: 40
2017-07-27 14:56:37,021 [1] DEBUG LockStepManager [(null)] - Sent NoAction action for turn 41
2017-07-27 14:56:37,218 [1] DEBUG LockStepManager [(null)] - LockStepTurnID: 41
2017-07-27 14:56:37,219 [1] DEBUG LockStepManager [(null)] - Sent NoAction action for turn 42
2017-07-27 14:56:37,417 [1] DEBUG LockStepManager [(null)] - LockStepTurnID: 42
2017-07-27 14:56:37,418 [1] DEBUG LockStepManager [(null)] - Sent NoAction action for turn 43
2017-07-27 14:56:37,616 [1] DEBUG LockStepManager [(null)] - LockStepTurnID: 43
2017-07-27 14:56:37,617 [1] DEBUG LockStepManager [(null)] - Sent NoAction action for turn 44
2017-07-27 14:56:37,831 [1] DEBUG LockStepManager [(null)] - LockStepTurnID: 44
2017-07-27 14:56:37,832 [1] DEBUG LockStepManager [(null)] - Sent NoAction action for turn 45
2017-07-27 14:56:38,031 [1] DEBUG LockStepManager [(null)] - LockStepTurnID: 45
2017-07-27 14:56:38,032 [1] DEBUG LockStepManager [(null)] - Sent NoAction action for turn 46
2017-07-27 14:56:38,229 [1] DEBUG LockStepManager [(null)] - LockStepTurnID: 46
2017-07-27 14:56:38,230 [1] DEBUG LockStepManager [(null)] - Sent NoAction action for turn 47
2017-07-27 14:56:38,428 [1] DEBUG LockStepManager [(null)] - LockStepTurnID: 47
2017-07-27 14:56:38,430 [1] DEBUG LockStepManager [(null)] - Sent NoAction action for turn 48
2017-07-27 14:56:38,627 [1] DEBUG LockStepManager [(null)] - LockStepTurnID: 48
2017-07-27 14:56:38,629 [1] DEBUG LockStepManager [(null)] - Sent NoAction action for turn 49
2017-07-27 14:56:38,825 [1] DEBUG LockStepManager [(null)] - LockStepTurnID: 49
2017-07-27 14:56:38,828 [1] DEBUG LockStepManager [(null)] - Sent NoAction action for turn 50
2017-07-27 14:56:39,024 [1] DEBUG LockStepManager [(null)] - LockStepTurnID: 50
2017-07-27 14:56:39,025 [1] DEBUG LockStepManager [(null)] - Sent NoAction action for turn 51
2017-07-27 14:56:39,223 [1] DEBUG LockStepManager [(null)] - LockStepTurnID: 51
2017-07-27 14:56:39,224 [1] DEBUG LockStepManager [(null)] - Sent NoAction action for turn 52
2017-07-27 14:56:39,422 [1] DEBUG LockStepManager [(null)] - LockStepTurnID: 52
2017-07-27 14:56:39,423 [1] DEBUG LockStepManager [(null)] - Sent NoAction action for turn 53
2017-07-27 14:56:39,620 [1] DEBUG LockStepManager [(null)] - LockStepTurnID: 53
2017-07-27 14:56:39,621 [1] DEBUG LockStepManager [(null)] - Sent NoAction action for turn 54
2017-07-27 14:56:39,819 [1] DEBUG LockStepManager [(null)] - LockStepTurnID: 54
2017-07-27 14:56:39,820 [1] DEBUG LockStepManager [(null)] - Sent NoAction action for turn 55
2017-07-27 14:56:40,018 [1] DEBUG LockStepManager [(null)] - LockStepTurnID: 55
2017-07-27 14:56:40,030 [1] DEBUG LockStepManager [(null)] - Sent NoAction action for turn 56
2017-07-27 14:56:40,221 [1] DEBUG LockStepManager [(null)] - LockStepTurnID: 56
2017-07-27 14:56:40,222 [1] DEBUG LockStepManager [(null)] - Sent NoAction action for turn 57
2017-07-27 14:56:40,420 [1] DEBUG LockStepManager [(null)] - LockStepTurnID: 57
2017-07-27 14:56:40,421 [1] DEBUG LockStepManager [(null)] - Sent NoAction action for turn 58
2017-07-27 14:56:40,618 [1] DEBUG LockStepManager [(null)] - LockStepTurnID: 58
2017-07-27 14:56:40,619 [1] DEBUG LockStepManager [(null)] - Sent NoAction action for turn 59
2017-07-27 14:56:40,818 [1] DEBUG LockStepManager [(null)] - LockStepTurnID: 59
2017-07-27 14:56:40,819 [1] DEBUG LockStepManager [(null)] - Sent NoAction action for turn 60
2017-07-27 14:56:41,017 [1] DEBUG LockStepManager [(null)] - LockStepTurnID: 60
2017-07-27 14:56:41,018 [1] DEBUG LockStepManager [(null)] - Sent NoAction action for turn 61
2017-07-27 14:56:41,232 [1] DEBUG LockStepManager [(null)] - LockStepTurnID: 61
2017-07-27 14:56:41,233 [1] DEBUG LockStepManager [(null)] - Sent NoAction action for turn 62
2017-07-27 14:56:41,430 [1] DEBUG LockStepManager [(null)] - LockStepTurnID: 62
2017-07-27 14:56:41,431 [1] DEBUG LockStepManager [(null)] - Sent NoAction action for turn 63
2017-07-27 14:56:41,629 [1] DEBUG LockStepManager [(null)] - LockStepTurnID: 63
2017-07-27 14:56:41,630 [1] DEBUG LockStepManager [(null)] - Sent NoAction action for turn 64
2017-07-27 14:56:41,828 [1] DEBUG LockStepManager [(null)] - LockStepTurnID: 64
2017-07-27 14:56:41,830 [1] DEBUG LockStepManager [(null)] - Sent NoAction action for turn 65
2017-07-27 14:56:42,027 [1] DEBUG LockStepManager [(null)] - LockStepTurnID: 65
2017-07-27 14:56:42,029 [1] DEBUG LockStepManager [(null)] - Sent NoAction action for turn 66
2017-07-27 14:56:42,226 [1] DEBUG LockStepManager [(null)] - LockStepTurnID: 66
2017-07-27 14:56:42,228 [1] DEBUG LockStepManager [(null)] - Sent NoAction action for turn 67
2017-07-27 14:56:42,424 [1] DEBUG LockStepManager [(null)] - LockStepTurnID: 67
2017-07-27 14:56:42,427 [1] DEBUG LockStepManager [(null)] - Sent NoAction action for turn 68
2017-07-27 14:56:42,623 [1] DEBUG LockStepManager [(null)] - LockStepTurnID: 68
2017-07-27 14:56:42,626 [1] DEBUG LockStepManager [(null)] - Sent NoAction action for turn 69
2017-07-27 14:56:42,822 [1] DEBUG LockStepManager [(null)] - LockStepTurnID: 69
2017-07-27 14:56:42,823 [1] DEBUG LockStepManager [(null)] - Sent NoAction action for turn 70
2017-07-27 14:56:43,021 [1] DEBUG LockStepManager [(null)] - LockStepTurnID: 70
2017-07-27 14:56:43,022 [1] DEBUG LockStepManager [(null)] - Sent NoAction action for turn 71
2017-07-27 14:56:43,220 [1] DEBUG LockStepManager [(null)] - LockStepTurnID: 71
2017-07-27 14:56:43,221 [1] DEBUG LockStepManager [(null)] - Sent NoAction action for turn 72
2017-07-27 14:56:43,418 [1] DEBUG LockStepManager [(null)] - LockStepTurnID: 72
2017-07-27 14:56:43,419 [1] DEBUG LockStepManager [(null)] - Sent NoAction action for turn 73
2017-07-27 14:56:43,617 [1] DEBUG LockStepManager [(null)] - LockStepTurnID: 73
2017-07-27 14:56:43,618 [1] DEBUG LockStepManager [(null)] - Sent NoAction action for turn 74
2017-07-27 14:56:43,816 [1] DEBUG LockStepManager [(null)] - LockStepTurnID: 74
2017-07-27 14:56:43,817 [1] DEBUG LockStepManager [(null)] - Sent NoAction action for turn 75
2017-07-27 14:56:44,016 [1] DEBUG LockStepManager [(null)] - LockStepTurnID: 75
2017-07-27 14:56:44,017 [1] DEBUG LockStepManager [(null)] - Sent NoAction action for turn 76
2017-07-27 14:56:44,230 [1] DEBUG LockStepManager [(null)] - LockStepTurnID: 76
2017-07-27 14:56:44,231 [1] DEBUG LockStepManager [(null)] - Sent NoAction action for turn 77
2017-07-27 14:56:44,429 [1] DEBUG LockStepManager [(null)] - LockStepTurnID: 77
2017-07-27 14:56:44,430 [1] DEBUG LockStepManager [(null)] - Sent NoAction action for turn 78
2017-07-27 14:56:44,627 [1] DEBUG LockStepManager [(null)] - LockStepTurnID: 78
2017-07-27 14:56:44,629 [1] DEBUG LockStepManager [(null)] - Sent NoAction action for turn 79
2017-07-27 14:56:44,827 [1] DEBUG LockStepManager [(null)] - LockStepTurnID: 79
2017-07-27 14:56:44,828 [1] DEBUG LockStepManager [(null)] - Sent NoAction action for turn 80
2017-07-27 14:56:45,025 [1] DEBUG LockStepManager [(null)] - LockStepTurnID: 80
2017-07-27 14:56:45,027 [1] DEBUG LockStepManager [(null)] - Sent NoAction action for turn 81
2017-07-27 14:56:45,229 [1] DEBUG LockStepManager [(null)] - LockStepTurnID: 81
2017-07-27 14:56:45,230 [1] DEBUG LockStepManager [(null)] - Sent NoAction action for turn 82
2017-07-27 14:56:45,428 [1] DEBUG LockStepManager [(null)] - LockStepTurnID: 82
2017-07-27 14:56:45,429 [1] DEBUG LockStepManager [(null)] - Sent NoAction action for turn 83
2017-07-27 14:56:45,626 [1] DEBUG LockStepManager [(null)] - LockStepTurnID: 83
2017-07-27 14:56:45,627 [1] DEBUG LockStepManager [(null)] - Sent NoAction action for turn 84
2017-07-27 14:56:45,825 [1] DEBUG LockStepManager [(null)] - LockStepTurnID: 84
2017-07-27 14:56:45,827 [1] DEBUG LockStepManager [(null)] - Sent NoAction action for turn 85
2017-07-27 14:56:46,024 [1] DEBUG LockStepManager [(null)] - LockStepTurnID: 85
2017-07-27 14:56:46,026 [1] DEBUG LockStepManager [(null)] - Sent NoAction action for turn 86
2017-07-27 14:56:46,223 [1] DEBUG LockStepManager [(null)] - LockStepTurnID: 86
2017-07-27 14:56:46,225 [1] DEBUG LockStepManager [(null)] - Sent NoAction action for turn 87
2017-07-27 14:56:46,421 [1] DEBUG LockStepManager [(null)] - LockStepTurnID: 87
2017-07-27 14:56:46,424 [1] DEBUG LockStepManager [(null)] - Sent NoAction action for turn 88
2017-07-27 14:56:46,620 [1] DEBUG LockStepManager [(null)] - LockStepTurnID: 88
2017-07-27 14:56:46,621 [1] DEBUG LockStepManager [(null)] - Sent NoAction action for turn 89
2017-07-27 14:56:46,819 [1] DEBUG LockStepManager [(null)] - LockStepTurnID: 89
2017-07-27 14:56:46,820 [1] DEBUG LockStepManager [(null)] - Sent NoAction action for turn 90
2017-07-27 14:56:47,018 [1] DEBUG LockStepManager [(null)] - LockStepTurnID: 90
2017-07-27 14:56:47,019 [1] DEBUG LockStepManager [(null)] - Sent NoAction action for turn 91
2017-07-27 14:56:47,217 [1] DEBUG LockStepManager [(null)] - LockStepTurnID: 91
2017-07-27 14:56:47,218 [1] DEBUG LockStepManager [(null)] - Sent NoAction action for turn 92
2017-07-27 14:56:47,415 [1] DEBUG LockStepManager [(null)] - LockStepTurnID: 92
2017-07-27 14:56:47,416 [1] DEBUG LockStepManager [(null)] - Sent NoAction action for turn 93
2017-07-27 14:56:47,631 [1] DEBUG LockStepManager [(null)] - LockStepTurnID: 93
2017-07-27 14:56:47,632 [1] DEBUG LockStepManager [(null)] - Sent NoAction action for turn 94
2017-07-27 14:56:47,830 [1] DEBUG LockStepManager [(null)] - LockStepTurnID: 94
2017-07-27 14:56:47,831 [1] DEBUG LockStepManager [(null)] - Sent NoAction action for turn 95
2017-07-27 14:56:48,028 [1] DEBUG LockStepManager [(null)] - LockStepTurnID: 95
2017-07-27 14:56:48,029 [1] DEBUG LockStepManager [(null)] - Sent NoAction action for turn 96
2017-07-27 14:56:48,228 [1] DEBUG LockStepManager [(null)] - LockStepTurnID: 96
2017-07-27 14:56:48,229 [1] DEBUG LockStepManager [(null)] - Sent NoAction action for turn 97
2017-07-27 14:56:48,426 [1] DEBUG LockStepManager [(null)] - LockStepTurnID: 97
2017-07-27 14:56:48,427 [1] DEBUG LockStepManager [(null)] - Sent NoAction action for turn 98
2017-07-27 14:56:48,624 [1] DEBUG LockStepManager [(null)] - LockStepTurnID: 98
2017-07-27 14:56:48,626 [1] DEBUG LockStepManager [(null)] - Sent NoAction action for turn 99
2017-07-27 14:56:48,824 [1] DEBUG LockStepManager [(null)] - LockStepTurnID: 99
2017-07-27 14:56:48,825 [1] DEBUG LockStepManager [(null)] - Sent NoAction action for turn 100
2017-07-27 14:56:49,023 [1] DEBUG LockStepManager [(null)] - LockStepTurnID: 100
2017-07-27 14:56:49,025 [1] DEBUG LockStepManager [(null)] - Sent NoAction action for turn 101
2017-07-27 14:56:49,222 [1] DEBUG LockStepManager [(null)] - LockStepTurnID: 101
2017-07-27 14:56:49,224 [1] DEBUG LockStepManager [(null)] - Sent NoAction action for turn 102
2017-07-27 14:56:49,421 [1] DEBUG LockStepManager [(null)] - LockStepTurnID: 102
2017-07-27 14:56:49,470 [1] DEBUG LockStepManager [(null)] - LockStepTurnID: 102
2017-07-27 14:56:49,519 [1] DEBUG LockStepManager [(null)] - LockStepTurnID: 102
2017-07-27 14:56:49,569 [1] DEBUG LockStepManager [(null)] - LockStepTurnID: 102
2017-07-27 14:56:49,619 [1] DEBUG LockStepManager [(null)] - LockStepTurnID: 102
2017-07-27 14:56:49,668 [1] DEBUG LockStepManager [(null)] - LockStepTurnID: 102
2017-07-27 14:56:49,670 [1] DEBUG NetworkManager [(null)] - Master Server Event: RegistrationSucceeded
2017-07-27 14:56:49,718 [1] DEBUG LockStepManager [(null)] - LockStepTurnID: 102
2017-07-27 14:56:49,768 [1] DEBUG LockStepManager [(null)] - LockStepTurnID: 102
2017-07-27 14:56:49,818 [1] DEBUG LockStepManager [(null)] - LockStepTurnID: 102
2017-07-27 14:56:49,867 [1] DEBUG LockStepManager [(null)] - LockStepTurnID: 102
2017-07-27 14:56:49,917 [1] DEBUG LockStepManager [(null)] - LockStepTurnID: 102
2017-07-27 14:56:49,967 [1] DEBUG LockStepManager [(null)] - LockStepTurnID: 102
2017-07-27 14:56:50,017 [1] DEBUG LockStepManager [(null)] - LockStepTurnID: 102
2017-07-27 14:56:50,067 [1] DEBUG LockStepManager [(null)] - LockStepTurnID: 102
2017-07-27 14:56:50,116 [1] DEBUG LockStepManager [(null)] - LockStepTurnID: 102
2017-07-27 14:56:50,166 [1] DEBUG LockStepManager [(null)] - LockStepTurnID: 102
2017-07-27 14:56:50,216 [1] DEBUG LockStepManager [(null)] - LockStepTurnID: 102
2017-07-27 14:56:50,266 [1] DEBUG LockStepManager [(null)] - LockStepTurnID: 102
2017-07-27 14:56:50,316 [1] DEBUG LockStepManager [(null)] - LockStepTurnID: 102
2017-07-27 14:56:50,382 [1] DEBUG LockStepManager [(null)] - LockStepTurnID: 102
2017-07-27 14:56:50,431 [1] DEBUG LockStepManager [(null)] - LockStepTurnID: 102
2017-07-27 14:56:50,481 [1] DEBUG LockStepManager [(null)] - LockStepTurnID: 102
2017-07-27 14:56:50,530 [1] DEBUG LockStepManager [(null)] - LockStepTurnID: 102
2017-07-27 14:56:50,581 [1] DEBUG LockStepManager [(null)] - LockStepTurnID: 102
2017-07-27 14:56:50,630 [1] DEBUG LockStepManager [(null)] - LockStepTurnID: 102
2017-07-27 14:56:50,680 [1] DEBUG LockStepManager [(null)] - LockStepTurnID: 102
2017-07-27 14:56:50,730 [1] DEBUG LockStepManager [(null)] - LockStepTurnID: 102
2017-07-27 14:56:50,779 [1] DEBUG LockStepManager [(null)] - LockStepTurnID: 102
2017-07-27 14:56:50,829 [1] DEBUG LockStepManager [(null)] - LockStepTurnID: 102
2017-07-27 14:56:50,879 [1] DEBUG LockStepManager [(null)] - LockStepTurnID: 102
2017-07-27 14:56:50,928 [1] DEBUG LockStepManager [(null)] - LockStepTurnID: 102
2017-07-27 14:56:50,978 [1] DEBUG LockStepManager [(null)] - LockStepTurnID: 102
2017-07-27 14:56:51,028 [1] DEBUG LockStepManager [(null)] - LockStepTurnID: 102
2017-07-27 14:56:51,077 [1] DEBUG LockStepManager [(null)] - LockStepTurnID: 102
2017-07-27 14:56:51,127 [1] DEBUG LockStepManager [(null)] - LockStepTurnID: 102
2017-07-27 14:56:51,177 [1] DEBUG LockStepManager [(null)] - LockStepTurnID: 102
2017-07-27 14:56:51,227 [1] DEBUG LockStepManager [(null)] - LockStepTurnID: 102
2017-07-27 14:56:51,276 [1] DEBUG LockStepManager [(null)] - LockStepTurnID: 102
2017-07-27 14:56:51,326 [1] DEBUG LockStepManager [(null)] - LockStepTurnID: 102
2017-07-27 14:56:51,376 [1] DEBUG LockStepManager [(null)] - LockStepTurnID: 102
2017-07-27 14:56:51,425 [1] DEBUG LockStepManager [(null)] - LockStepTurnID: 102
2017-07-27 14:56:51,475 [1] DEBUG LockStepManager [(null)] - LockStepTurnID: 102
2017-07-27 14:56:51,525 [1] DEBUG LockStepManager [(null)] - LockStepTurnID: 102
2017-07-27 14:56:51,575 [1] DEBUG LockStepManager [(null)] - LockStepTurnID: 102
2017-07-27 14:56:51,624 [1] DEBUG LockStepManager [(null)] - LockStepTurnID: 102
2017-07-27 14:56:51,674 [1] DEBUG LockStepManager [(null)] - LockStepTurnID: 102
2017-07-27 14:56:51,724 [1] DEBUG LockStepManager [(null)] - LockStepTurnID: 102
2017-07-27 14:56:51,773 [1] DEBUG LockStepManager [(null)] - LockStepTurnID: 102
2017-07-27 14:56:51,823 [1] DEBUG LockStepManager [(null)] - LockStepTurnID: 102
2017-07-27 14:56:51,872 [1] DEBUG LockStepManager [(null)] - LockStepTurnID: 102
2017-07-27 14:56:51,922 [1] DEBUG LockStepManager [(null)] - LockStepTurnID: 102
2017-07-27 14:56:51,972 [1] DEBUG LockStepManager [(null)] - LockStepTurnID: 102
2017-07-27 14:56:52,021 [1] DEBUG LockStepManager [(null)] - LockStepTurnID: 102
2017-07-27 14:56:52,072 [1] DEBUG LockStepManager [(null)] - LockStepTurnID: 102
2017-07-27 14:56:52,121 [1] DEBUG LockStepManager [(null)] - LockStepTurnID: 102
2017-07-27 14:56:52,171 [1] DEBUG LockStepManager [(null)] - LockStepTurnID: 102
2017-07-27 14:56:52,221 [1] DEBUG LockStepManager [(null)] - LockStepTurnID: 102
2017-07-27 14:56:52,271 [1] DEBUG LockStepManager [(null)] - LockStepTurnID: 102
2017-07-27 14:56:52,320 [1] DEBUG LockStepManager [(null)] - LockStepTurnID: 102
2017-07-27 14:56:52,370 [1] DEBUG LockStepManager [(null)] - LockStepTurnID: 102
2017-07-27 14:56:52,419 [1] DEBUG LockStepManager [(null)] - LockStepTurnID: 102
2017-07-27 14:56:52,469 [1] DEBUG LockStepManager [(null)] - LockStepTurnID: 102
2017-07-27 14:56:52,519 [1] DEBUG LockStepManager [(null)] - LockStepTurnID: 102
2017-07-27 14:56:52,568 [1] DEBUG LockStepManager [(null)] - LockStepTurnID: 102
2017-07-27 14:56:52,618 [1] DEBUG LockStepManager [(null)] - LockStepTurnID: 102
2017-07-27 14:56:52,668 [1] DEBUG LockStepManager [(null)] - LockStepTurnID: 102
2017-07-27 14:56:52,717 [1] DEBUG LockStepManager [(null)] - LockStepTurnID: 102
2017-07-27 14:56:52,767 [1] DEBUG LockStepManager [(null)] - LockStepTurnID: 102
2017-07-27 14:56:52,817 [1] DEBUG LockStepManager [(null)] - LockStepTurnID: 102
2017-07-27 14:56:52,866 [1] DEBUG LockStepManager [(null)] - LockStepTurnID: 102
2017-07-27 14:56:52,916 [1] DEBUG LockStepManager [(null)] - LockStepTurnID: 102
2017-07-27 14:56:52,966 [1] DEBUG LockStepManager [(null)] - LockStepTurnID: 102
2017-07-27 14:56:53,016 [1] DEBUG LockStepManager [(null)] - LockStepTurnID: 102
2017-07-27 14:56:53,065 [1] DEBUG LockStepManager [(null)] - LockStepTurnID: 102
2017-07-27 14:56:53,132 [1] DEBUG LockStepManager [(null)] - LockStepTurnID: 102
2017-07-27 14:56:53,181 [1] DEBUG LockStepManager [(null)] - LockStepTurnID: 102
2017-07-27 14:56:53,231 [1] DEBUG LockStepManager [(null)] - LockStepTurnID: 102
2017-07-27 14:56:53,281 [1] DEBUG LockStepManager [(null)] - LockStepTurnID: 102
2017-07-27 14:56:53,331 [1] DEBUG LockStepManager [(null)] - LockStepTurnID: 102
2017-07-27 14:56:53,380 [1] DEBUG LockStepManager [(null)] - LockStepTurnID: 102
2017-07-27 14:56:53,430 [1] DEBUG LockStepManager [(null)] - LockStepTurnID: 102
2017-07-27 14:56:53,480 [1] DEBUG LockStepManager [(null)] - LockStepTurnID: 102
2017-07-27 14:56:53,529 [1] DEBUG LockStepManager [(null)] - LockStepTurnID: 102
2017-07-27 14:56:53,579 [1] DEBUG LockStepManager [(null)] - LockStepTurnID: 102
2017-07-27 14:56:53,629 [1] DEBUG LockStepManager [(null)] - LockStepTurnID: 102
2017-07-27 14:56:53,678 [1] DEBUG LockStepManager [(null)] - LockStepTurnID: 102
2017-07-27 14:56:53,728 [1] DEBUG LockStepManager [(null)] - LockStepTurnID: 102
2017-07-27 14:56:53,778 [1] DEBUG LockStepManager [(null)] - LockStepTurnID: 102
2017-07-27 14:56:53,828 [1] DEBUG LockStepManager [(null)] - LockStepTurnID: 102
2017-07-27 14:56:53,877 [1] DEBUG LockStepManager [(null)] - LockStepTurnID: 102
2017-07-27 14:56:53,927 [1] DEBUG LockStepManager [(null)] - LockStepTurnID: 102
2017-07-27 14:56:53,977 [1] DEBUG LockStepManager [(null)] - LockStepTurnID: 102
2017-07-27 14:56:54,026 [1] DEBUG LockStepManager [(null)] - LockStepTurnID: 102
2017-07-27 14:56:54,076 [1] DEBUG LockStepManager [(null)] - LockStepTurnID: 102
2017-07-27 14:56:54,125 [1] DEBUG LockStepManager [(null)] - LockStepTurnID: 102
2017-07-27 14:56:54,175 [1] DEBUG LockStepManager [(null)] - LockStepTurnID: 102
2017-07-27 14:56:54,225 [1] DEBUG LockStepManager [(null)] - LockStepTurnID: 102
2017-07-27 14:56:54,275 [1] DEBUG LockStepManager [(null)] - LockStepTurnID: 102
2017-07-27 14:56:54,325 [1] DEBUG LockStepManager [(null)] - LockStepTurnID: 102
2017-07-27 14:56:54,374 [1] DEBUG LockStepManager [(null)] - LockStepTurnID: 102
2017-07-27 14:56:54,424 [1] DEBUG LockStepManager [(null)] - LockStepTurnID: 102
2017-07-27 14:56:54,474 [1] DEBUG LockStepManager [(null)] - LockStepTurnID: 102
2017-07-27 14:56:54,523 [1] DEBUG LockStepManager [(null)] - LockStepTurnID: 102
2017-07-27 14:56:54,573 [1] DEBUG LockStepManager [(null)] - LockStepTurnID: 102
2017-07-27 14:56:54,623 [1] DEBUG LockStepManager [(null)] - LockStepTurnID: 102
2017-07-27 14:56:54,673 [1] DEBUG LockStepManager [(null)] - LockStepTurnID: 102
2017-07-27 14:56:54,722 [1] DEBUG LockStepManager [(null)] - LockStepTurnID: 102
2017-07-27 14:56:54,772 [1] DEBUG LockStepManager [(null)] - LockStepTurnID: 102
2017-07-27 14:56:54,822 [1] DEBUG LockStepManager [(null)] - LockStepTurnID: 102
2017-07-27 14:56:54,872 [1] DEBUG LockStepManager [(null)] - LockStepTurnID: 102
2017-07-27 14:56:54,921 [1] DEBUG LockStepManager [(null)] - LockStepTurnID: 102
2017-07-27 14:56:54,971 [1] DEBUG LockStepManager [(null)] - LockStepTurnID: 102
2017-07-27 14:56:55,020 [1] DEBUG LockStepManager [(null)] - LockStepTurnID: 102
2017-07-27 14:56:55,071 [1] DEBUG LockStepManager [(null)] - LockStepTurnID: 102
2017-07-27 14:56:55,121 [1] DEBUG LockStepManager [(null)] - LockStepTurnID: 102
2017-07-27 14:56:55,170 [1] DEBUG LockStepManager [(null)] - LockStepTurnID: 102
2017-07-27 14:56:55,220 [1] DEBUG LockStepManager [(null)] - LockStepTurnID: 102
2017-07-27 14:56:55,269 [1] DEBUG LockStepManager [(null)] - LockStepTurnID: 102
2017-07-27 14:56:55,319 [1] DEBUG LockStepManager [(null)] - LockStepTurnID: 102
2017-07-27 14:56:55,369 [1] DEBUG LockStepManager [(null)] - LockStepTurnID: 102
2017-07-27 14:56:55,418 [1] DEBUG LockStepManager [(null)] - LockStepTurnID: 102
2017-07-27 14:56:55,468 [1] DEBUG LockStepManager [(null)] - LockStepTurnID: 102
2017-07-27 14:56:55,518 [1] DEBUG LockStepManager [(null)] - LockStepTurnID: 102
2017-07-27 14:56:55,567 [1] DEBUG LockStepManager [(null)] - LockStepTurnID: 102
2017-07-27 14:56:55,617 [1] DEBUG LockStepManager [(null)] - LockStepTurnID: 102
2017-07-27 14:56:55,667 [1] DEBUG LockStepManager [(null)] - LockStepTurnID: 102
2017-07-27 14:56:55,716 [1] DEBUG LockStepManager [(null)] - LockStepTurnID: 102
2017-07-27 14:56:55,766 [1] DEBUG LockStepManager [(null)] - LockStepTurnID: 102
2017-07-27 14:56:55,816 [1] DEBUG LockStepManager [(null)] - LockStepTurnID: 102
2017-07-27 14:56:55,865 [1] DEBUG LockStepManager [(null)] - LockStepTurnID: 102
2017-07-27 14:56:55,932 [1] DEBUG LockStepManager [(null)] - LockStepTurnID: 102
2017-07-27 14:56:55,982 [1] DEBUG LockStepManager [(null)] - LockStepTurnID: 102
2017-07-27 14:56:56,031 [1] DEBUG LockStepManager [(null)] - LockStepTurnID: 102
2017-07-27 14:56:56,081 [1] DEBUG LockStepManager [(null)] - LockStepTurnID: 102
2017-07-27 14:56:56,130 [1] DEBUG LockStepManager [(null)] - LockStepTurnID: 102
2017-07-27 14:56:56,180 [1] DEBUG LockStepManager [(null)] - LockStepTurnID: 102
2017-07-27 14:56:56,230 [1] DEBUG LockStepManager [(null)] - LockStepTurnID: 102
2017-07-27 14:56:56,279 [1] DEBUG LockStepManager [(null)] - LockStepTurnID: 102
2017-07-27 14:56:56,329 [1] DEBUG LockStepManager [(null)] - LockStepTurnID: 102
2017-07-27 14:56:56,379 [1] DEBUG LockStepManager [(null)] - LockStepTurnID: 102
2017-07-27 14:56:56,429 [1] DEBUG LockStepManager [(null)] - LockStepTurnID: 102
2017-07-27 14:56:56,478 [1] DEBUG LockStepManager [(null)] - LockStepTurnID: 102
2017-07-27 14:56:56,528 [1] DEBUG LockStepManager [(null)] - LockStepTurnID: 102
2017-07-27 14:56:56,578 [1] DEBUG LockStepManager [(null)] - LockStepTurnID: 102
2017-07-27 14:56:56,628 [1] DEBUG LockStepManager [(null)] - LockStepTurnID: 102
2017-07-27 14:56:56,677 [1] DEBUG LockStepManager [(null)] - LockStepTurnID: 102
2017-07-27 14:56:56,727 [1] DEBUG LockStepManager [(null)] - LockStepTurnID: 102
2017-07-27 14:56:56,776 [1] DEBUG LockStepManager [(null)] - LockStepTurnID: 102
2017-07-27 14:56:56,826 [1] DEBUG LockStepManager [(null)] - LockStepTurnID: 102
2017-07-27 14:56:56,876 [1] DEBUG LockStepManager [(null)] - LockStepTurnID: 102
2017-07-27 14:56:56,926 [1] DEBUG LockStepManager [(null)] - LockStepTurnID: 102
2017-07-27 14:56:56,975 [1] DEBUG LockStepManager [(null)] - LockStepTurnID: 102
2017-07-27 14:56:57,025 [1] DEBUG LockStepManager [(null)] - LockStepTurnID: 102
2017-07-27 14:56:57,076 [1] DEBUG LockStepManager [(null)] - LockStepTurnID: 102
2017-07-27 14:56:57,127 [1] DEBUG LockStepManager [(null)] - LockStepTurnID: 102
2017-07-27 14:56:57,176 [1] DEBUG LockStepManager [(null)] - LockStepTurnID: 102
2017-07-27 14:56:57,226 [1] DEBUG LockStepManager [(null)] - LockStepTurnID: 102
2017-07-27 14:56:57,275 [1] DEBUG LockStepManager [(null)] - LockStepTurnID: 102
2017-07-27 14:56:57,325 [1] DEBUG LockStepManager [(null)] - LockStepTurnID: 102
2017-07-27 14:56:57,375 [1] DEBUG LockStepManager [(null)] - LockStepTurnID: 102
2017-07-27 14:56:57,424 [1] DEBUG LockStepManager [(null)] - LockStepTurnID: 102
2017-07-27 14:56:57,474 [1] DEBUG LockStepManager [(null)] - LockStepTurnID: 102
2017-07-27 14:56:57,524 [1] DEBUG LockStepManager [(null)] - LockStepTurnID: 102
2017-07-27 14:56:57,574 [1] DEBUG LockStepManager [(null)] - LockStepTurnID: 102
2017-07-27 14:56:57,623 [1] DEBUG LockStepManager [(null)] - LockStepTurnID: 102
2017-07-27 14:56:57,673 [1] DEBUG LockStepManager [(null)] - LockStepTurnID: 102
2017-07-27 14:56:57,723 [1] DEBUG LockStepManager [(null)] - LockStepTurnID: 102
2017-07-27 14:56:57,772 [1] DEBUG LockStepManager [(null)] - LockStepTurnID: 102
2017-07-27 14:56:57,822 [1] DEBUG LockStepManager [(null)] - LockStepTurnID: 102
2017-07-27 14:56:57,872 [1] DEBUG LockStepManager [(null)] - LockStepTurnID: 102
2017-07-27 14:56:57,921 [1] DEBUG LockStepManager [(null)] - LockStepTurnID: 102
2017-07-27 14:56:57,971 [1] DEBUG LockStepManager [(null)] - LockStepTurnID: 102
2017-07-27 14:56:58,021 [1] DEBUG LockStepManager [(null)] - LockStepTurnID: 102
2017-07-27 14:56:58,071 [1] DEBUG LockStepManager [(null)] - LockStepTurnID: 102
2017-07-27 14:56:58,120 [1] DEBUG LockStepManager [(null)] - LockStepTurnID: 102
2017-07-27 14:56:58,170 [1] DEBUG LockStepManager [(null)] - LockStepTurnID: 102
2017-07-27 14:56:58,219 [1] DEBUG LockStepManager [(null)] - LockStepTurnID: 102
2017-07-27 14:56:58,269 [1] DEBUG LockStepManager [(null)] - LockStepTurnID: 102
2017-07-27 14:56:58,319 [1] DEBUG LockStepManager [(null)] - LockStepTurnID: 102
2017-07-27 14:56:58,369 [1] DEBUG LockStepManager [(null)] - LockStepTurnID: 102
2017-07-27 14:56:58,418 [1] DEBUG LockStepManager [(null)] - LockStepTurnID: 102
2017-07-27 14:56:58,468 [1] DEBUG LockStepManager [(null)] - LockStepTurnID: 102
2017-07-27 14:56:58,518 [1] DEBUG LockStepManager [(null)] - LockStepTurnID: 102
2017-07-27 14:56:58,568 [1] DEBUG LockStepManager [(null)] - LockStepTurnID: 102
2017-07-27 14:56:58,617 [1] DEBUG LockStepManager [(null)] - LockStepTurnID: 102
2017-07-27 14:56:58,667 [1] DEBUG LockStepManager [(null)] - LockStepTurnID: 102
2017-07-27 14:56:58,717 [1] DEBUG LockStepManager [(null)] - LockStepTurnID: 102
2017-07-27 14:56:58,766 [1] DEBUG LockStepManager [(null)] - LockStepTurnID: 102
2017-07-27 14:56:58,816 [1] DEBUG LockStepManager [(null)] - LockStepTurnID: 102
2017-07-27 14:56:58,866 [1] DEBUG LockStepManager [(null)] - LockStepTurnID: 102
2017-07-27 14:56:58,915 [1] DEBUG LockStepManager [(null)] - LockStepTurnID: 102
2017-07-27 14:56:58,981 [1] DEBUG LockStepManager [(null)] - LockStepTurnID: 102
2017-07-27 14:56:59,031 [1] DEBUG LockStepManager [(null)] - LockStepTurnID: 102
2017-07-27 14:56:59,065 [1] DEBUG LockStepManager [(null)] - LockStepTurnID: 102
2017-07-27 14:56:59,130 [1] DEBUG LockStepManager [(null)] - LockStepTurnID: 102
2017-07-27 14:56:59,180 [1] DEBUG LockStepManager [(null)] - LockStepTurnID: 102
2017-07-27 14:56:59,230 [1] DEBUG LockStepManager [(null)] - LockStepTurnID: 102
2017-07-27 14:56:59,280 [1] DEBUG LockStepManager [(null)] - LockStepTurnID: 102
2017-07-27 14:56:59,329 [1] DEBUG LockStepManager [(null)] - LockStepTurnID: 102
2017-07-27 14:56:59,379 [1] DEBUG LockStepManager [(null)] - LockStepTurnID: 102
2017-07-27 14:56:59,429 [1] DEBUG LockStepManager [(null)] - LockStepTurnID: 102
2017-07-27 14:56:59,478 [1] DEBUG LockStepManager [(null)] - LockStepTurnID: 102
2017-07-27 14:56:59,528 [1] DEBUG LockStepManager [(null)] - LockStepTurnID: 102
2017-07-27 14:56:59,578 [1] DEBUG LockStepManager [(null)] - LockStepTurnID: 102
2017-07-27 14:56:59,628 [1] DEBUG LockStepManager [(null)] - LockStepTurnID: 102
2017-07-27 14:56:59,678 [1] DEBUG LockStepManager [(null)] - LockStepTurnID: 102
2017-07-27 14:56:59,727 [1] DEBUG LockStepManager [(null)] - LockStepTurnID: 102
2017-07-27 14:56:59,777 [1] DEBUG LockStepManager [(null)] - LockStepTurnID: 102
2017-07-27 14:56:59,827 [1] DEBUG LockStepManager [(null)] - LockStepTurnID: 102
2017-07-27 14:56:59,876 [1] DEBUG LockStepManager [(null)] - LockStepTurnID: 102
2017-07-27 14:56:59,926 [1] DEBUG LockStepManager [(null)] - LockStepTurnID: 102
2017-07-27 14:56:59,975 [1] DEBUG LockStepManager [(null)] - LockStepTurnID: 102
2017-07-27 14:57:00,026 [1] DEBUG LockStepManager [(null)] - LockStepTurnID: 102
2017-07-27 14:57:00,075 [1] DEBUG LockStepManager [(null)] - LockStepTurnID: 102
2017-07-27 14:57:00,124 [1] DEBUG LockStepManager [(null)] - LockStepTurnID: 102
2017-07-27 14:57:00,174 [1] DEBUG LockStepManager [(null)] - LockStepTurnID: 102
2017-07-27 14:57:00,224 [1] DEBUG LockStepManager [(null)] - LockStepTurnID: 102
2017-07-27 14:57:00,274 [1] DEBUG LockStepManager [(null)] - LockStepTurnID: 102
2017-07-27 14:57:00,324 [1] DEBUG LockStepManager [(null)] - LockStepTurnID: 102
2017-07-27 14:57:00,373 [1] DEBUG LockStepManager [(null)] - LockStepTurnID: 102
2017-07-27 14:57:00,423 [1] DEBUG LockStepManager [(null)] - LockStepTurnID: 102
2017-07-27 14:57:00,473 [1] DEBUG LockStepManager [(null)] - LockStepTurnID: 102
2017-07-27 14:57:00,522 [1] DEBUG LockStepManager [(null)] - LockStepTurnID: 102
2017-07-27 14:57:00,572 [1] DEBUG LockStepManager [(null)] - LockStepTurnID: 102
2017-07-27 14:57:00,621 [1] DEBUG LockStepManager [(null)] - LockStepTurnID: 102
2017-07-27 14:57:00,672 [1] DEBUG LockStepManager [(null)] - LockStepTurnID: 102
2017-07-27 14:57:00,721 [1] DEBUG LockStepManager [(null)] - LockStepTurnID: 102
2017-07-27 14:57:00,770 [1] DEBUG LockStepManager [(null)] - LockStepTurnID: 102
2017-07-27 14:57:00,820 [1] DEBUG LockStepManager [(null)] - LockStepTurnID: 102
2017-07-27 14:57:00,870 [1] DEBUG LockStepManager [(null)] - LockStepTurnID: 102
2017-07-27 14:57:00,920 [1] DEBUG LockStepManager [(null)] - LockStepTurnID: 102
2017-07-27 14:57:00,970 [1] DEBUG LockStepManager [(null)] - LockStepTurnID: 102
2017-07-27 14:57:01,019 [1] DEBUG LockStepManager [(null)] - LockStepTurnID: 102
2017-07-27 14:57:01,069 [1] DEBUG LockStepManager [(null)] - LockStepTurnID: 102
2017-07-27 14:57:01,119 [1] DEBUG LockStepManager [(null)] - LockStepTurnID: 102
2017-07-27 14:57:01,168 [1] DEBUG LockStepManager [(null)] - LockStepTurnID: 102
2017-07-27 14:57:01,218 [1] DEBUG LockStepManager [(null)] - LockStepTurnID: 102
2017-07-27 14:57:01,268 [1] DEBUG LockStepManager [(null)] - LockStepTurnID: 102
2017-07-27 14:57:01,318 [1] DEBUG LockStepManager [(null)] - LockStepTurnID: 102
2017-07-27 14:57:01,367 [1] DEBUG LockStepManager [(null)] - LockStepTurnID: 102
2017-07-27 14:57:01,417 [1] DEBUG LockStepManager [(null)] - LockStepTurnID: 102
2017-07-27 14:57:01,467 [1] DEBUG LockStepManager [(null)] - LockStepTurnID: 102
2017-07-27 14:57:01,516 [1] DEBUG LockStepManager [(null)] - LockStepTurnID: 102
2017-07-27 14:57:01,566 [1] DEBUG LockStepManager [(null)] - LockStepTurnID: 102
2017-07-27 14:57:01,616 [1] DEBUG LockStepManager [(null)] - LockStepTurnID: 102
2017-07-27 14:57:01,666 [1] DEBUG LockStepManager [(null)] - LockStepTurnID: 102
2017-07-27 14:57:01,799 [1] DEBUG NetworkManager [(null)] - Local server connection disconnected
